<?xml version="1.0" encoding="UTF-8"?>
<!-- Generated by org.testng.reporters.JUnitXMLReporter -->
<testsuite hostname="DESKTOP-HINEK34" ignored="0" name="Default test" tests="3" failures="0" timestamp="2020-12-02T13:22:48 IST" time="0.145" errors="0">
  <testcase name="setData" time="0.032" classname="Selenium_Baiscs.Dataprovider"/>
  <testcase name="setData" time="0.0" classname="Selenium_Baiscs.Dataprovider"/>
  <testcase name="setData" time="0.008" classname="Selenium_Baiscs.Dataprovider"/>
</testsuite> <!-- Default test -->
